<?xml version="1.0" encoding="UTF-8"?>
<!-- Generated by org.testng.reporters.JUnitXMLReporter -->
<testsuite ignored="0" hostname="kaali" failures="1" tests="3" name="Test" time="61.604" errors="0" timestamp="2025-11-12T03:25:04 IST">
  <testcase classname="io.cucumber.testng.AbstractTestNGCucumberTests" name="runScenario" time="26.966"/>
  <testcase classname="io.cucumber.testng.AbstractTestNGCucumberTests" name="runScenario" time="28.521"/>
  <testcase classname="io.cucumber.testng.AbstractTestNGCucumberTests" name="runScenario" time="3.529">
    <failure type="io.cucumber.testng.UndefinedStepException" message="The step &amp;apos;a precondition is valid&amp;apos; and 2 other step(s) are undefined.
You can implement these steps using the snippet(s) below:

@Given(&amp;quot;a precondition is valid&amp;quot;)
public void a_precondition_is_valid() {
    // Write code here that turns the phrase above into concrete actions
    throw new io.cucumber.java.PendingException();
}
@When(&amp;quot;an action is performed&amp;quot;)
public void an_action_is_performed() {
    // Write code here that turns the phrase above into concrete actions
    throw new io.cucumber.java.PendingException();
}
@Then(&amp;quot;something should be asserted&amp;quot;)
public void something_should_be_asserted() {
    // Write code here that turns the phrase above into concrete actions
    throw new io.cucumber.java.PendingException();
}
">
      <![CDATA[io.cucumber.testng.UndefinedStepException: The step 'a precondition is valid' and 2 other step(s) are undefined.
You can implement these steps using the snippet(s) below:

@Given("a precondition is valid")
public void a_precondition_is_valid() {
    // Write code here that turns the phrase above into concrete actions
    throw new io.cucumber.java.PendingException();
}
@When("an action is performed")
public void an_action_is_performed() {
    // Write code here that turns the phrase above into concrete actions
    throw new io.cucumber.java.PendingException();
}
@Then("something should be asserted")
public void something_should_be_asserted() {
    // Write code here that turns the phrase above into concrete actions
    throw new io.cucumber.java.PendingException();
}

at ✽.a precondition is valid(file:///C:/github%20Trial%20Files/31stMayEvening/src/test/resources/coverFoxFeatures/CoverFoxHealthInsurance.feature:19)
]]>
    </failure>
  </testcase> <!-- runScenario -->
</testsuite> <!-- Test -->
