<?xml version="1.0" encoding="UTF-8"?>
<testng-results ignored="0" total="3" passed="2" failed="1" skipped="0">
  <reporter-output>
    <line>
      <![CDATA[Setting browser as chrome]]>
    </line>
    <line>
      <![CDATA[Closing Browser]]>
    </line>
    <line>
      <![CDATA[Setting browser as chrome]]>
    </line>
    <line>
      <![CDATA[getting pincode error msg, msg is Please enter a valid pincode]]>
    </line>
    <line>
      <![CDATA[getting mobile number error msg, msg is Please enter a valid mobile no.]]>
    </line>
    <line>
      <![CDATA[Pincode error message is: Please enter a valid pincode]]>
    </line>
    <line>
      <![CDATA[Mobile number error message is: Please enter a valid mobile no.]]>
    </line>
    <line>
      <![CDATA[pin error message validation is completed]]>
    </line>
    <line>
      <![CDATA[mobile number error message validation is completed]]>
    </line>
    <line>
      <![CDATA[Closing Browser]]>
    </line>
    <line>
      <![CDATA[Setting browser as chrome]]>
    </line>
    <line>
      <![CDATA[Closing Browser]]>
    </line>
  </reporter-output>
  <suite started-at="2025-11-12T03:24:02 IST" name="Suite" finished-at="2025-11-12T03:25:04 IST" duration-ms="61604">
    <groups>
      <group name="cucumber">
        <method signature="AbstractTestNGCucumberTests.runScenario(io.cucumber.testng.PickleWrapper,io.cucumber.testng.FeatureWrapper)[pri:0, instance:runner.HealthInsuranceRunner@4218d6a3]" name="runScenario" class="io.cucumber.testng.AbstractTestNGCucumberTests"/>
      </group> <!-- cucumber -->
    </groups>
    <test started-at="2025-11-12T03:24:02 IST" name="Test" finished-at="2025-11-12T03:25:04 IST" duration-ms="61604">
      <class name="runner.HealthInsuranceRunner">
        <test-method is-config="true" signature="setUpClass(org.testng.ITestContext)[pri:0, instance:runner.HealthInsuranceRunner@4218d6a3]" started-at="2025-11-12T03:24:02 IST" name="setUpClass" finished-at="2025-11-12T03:24:03 IST" duration-ms="409" status="PASS">
          <params>
            <param index="0">
              <value>
                <![CDATA[org.testng.TestRunner@5f5effb0]]>
              </value>
            </param>
          </params>
          <reporter-output>
          </reporter-output>
        </test-method> <!-- setUpClass -->
        <test-method signature="runScenario(io.cucumber.testng.PickleWrapper,io.cucumber.testng.FeatureWrapper)[pri:0, instance:runner.HealthInsuranceRunner@4218d6a3]" started-at="2025-11-12T03:24:03 IST" name="runScenario" description="Runs Cucumber Scenarios" data-provider="scenarios" finished-at="2025-11-12T03:24:30 IST" duration-ms="26966" status="PASS">
          <params>
            <param index="0">
              <value>
                <![CDATA["TC01: Validate CoverFox Health Insurance plan for single person"]]>
              </value>
            </param>
            <param index="1">
              <value>
                <![CDATA["CoverFox Health Insurance test"]]>
              </value>
            </param>
          </params>
          <reporter-output>
            <line>
              <![CDATA[Setting browser as chrome]]>
            </line>
            <line>
              <![CDATA[Closing Browser]]>
            </line>
          </reporter-output>
        </test-method> <!-- runScenario -->
        <test-method signature="runScenario(io.cucumber.testng.PickleWrapper,io.cucumber.testng.FeatureWrapper)[pri:0, instance:runner.HealthInsuranceRunner@4218d6a3]" started-at="2025-11-12T03:24:30 IST" name="runScenario" description="Runs Cucumber Scenarios" data-provider="scenarios" finished-at="2025-11-12T03:24:58 IST" duration-ms="28521" status="PASS">
          <params>
            <param index="0">
              <value>
                <![CDATA["TC02: Validate CoverFox Health Insurance plan for single person"]]>
              </value>
            </param>
            <param index="1">
              <value>
                <![CDATA["CoverFox Health Insurance test"]]>
              </value>
            </param>
          </params>
          <reporter-output>
            <line>
              <![CDATA[Setting browser as chrome]]>
            </line>
            <line>
              <![CDATA[getting pincode error msg, msg is Please enter a valid pincode]]>
            </line>
            <line>
              <![CDATA[getting mobile number error msg, msg is Please enter a valid mobile no.]]>
            </line>
            <line>
              <![CDATA[Pincode error message is: Please enter a valid pincode]]>
            </line>
            <line>
              <![CDATA[Mobile number error message is: Please enter a valid mobile no.]]>
            </line>
            <line>
              <![CDATA[pin error message validation is completed]]>
            </line>
            <line>
              <![CDATA[mobile number error message validation is completed]]>
            </line>
            <line>
              <![CDATA[Closing Browser]]>
            </line>
          </reporter-output>
        </test-method> <!-- runScenario -->
        <test-method signature="runScenario(io.cucumber.testng.PickleWrapper,io.cucumber.testng.FeatureWrapper)[pri:0, instance:runner.HealthInsuranceRunner@4218d6a3]" started-at="2025-11-12T03:24:58 IST" name="runScenario" description="Runs Cucumber Scenarios" data-provider="scenarios" finished-at="2025-11-12T03:25:02 IST" duration-ms="3529" status="FAIL">
          <params>
            <param index="0">
              <value>
                <![CDATA["TC03: Validate CoverFox Health plans"]]>
              </value>
            </param>
            <param index="1">
              <value>
                <![CDATA["CoverFox Health Insurance test"]]>
              </value>
            </param>
          </params>
          <exception class="io.cucumber.testng.UndefinedStepException">
            <message>
              <![CDATA[The step 'a precondition is valid' and 2 other step(s) are undefined.
You can implement these steps using the snippet(s) below:

@Given("a precondition is valid")
public void a_precondition_is_valid() {
    // Write code here that turns the phrase above into concrete actions
    throw new io.cucumber.java.PendingException();
}
@When("an action is performed")
public void an_action_is_performed() {
    // Write code here that turns the phrase above into concrete actions
    throw new io.cucumber.java.PendingException();
}
@Then("something should be asserted")
public void something_should_be_asserted() {
    // Write code here that turns the phrase above into concrete actions
    throw new io.cucumber.java.PendingException();
}
]]>
            </message>
            <full-stacktrace>
              <![CDATA[io.cucumber.testng.UndefinedStepException: The step 'a precondition is valid' and 2 other step(s) are undefined.
You can implement these steps using the snippet(s) below:

@Given("a precondition is valid")
public void a_precondition_is_valid() {
    // Write code here that turns the phrase above into concrete actions
    throw new io.cucumber.java.PendingException();
}
@When("an action is performed")
public void an_action_is_performed() {
    // Write code here that turns the phrase above into concrete actions
    throw new io.cucumber.java.PendingException();
}
@Then("something should be asserted")
public void something_should_be_asserted() {
    // Write code here that turns the phrase above into concrete actions
    throw new io.cucumber.java.PendingException();
}

at ✽.a precondition is valid(file:///C:/github%20Trial%20Files/31stMayEvening/src/test/resources/coverFoxFeatures/CoverFoxHealthInsurance.feature:19)
]]>
            </full-stacktrace>
          </exception> <!-- io.cucumber.testng.UndefinedStepException -->
          <reporter-output>
            <line>
              <![CDATA[Setting browser as chrome]]>
            </line>
            <line>
              <![CDATA[Closing Browser]]>
            </line>
          </reporter-output>
        </test-method> <!-- runScenario -->
        <test-method is-config="true" signature="tearDownClass()[pri:0, instance:runner.HealthInsuranceRunner@4218d6a3]" started-at="2025-11-12T03:25:02 IST" name="tearDownClass" finished-at="2025-11-12T03:25:04 IST" duration-ms="2147" status="PASS">
          <reporter-output>
          </reporter-output>
        </test-method> <!-- tearDownClass -->
      </class> <!-- runner.HealthInsuranceRunner -->
    </test> <!-- Test -->
  </suite> <!-- Suite -->
</testng-results>
